<?xml version="1.0" encoding="UTF-8"?>
<testng-results ignored="0" total="1" passed="1" failed="0" skipped="0">
  <reporter-output>
  </reporter-output>
  <suite started-at="2021-02-22T18:31:47 IST" name="Default suite" finished-at="2021-02-22T18:33:03 IST" duration-ms="75851">
    <groups>
    </groups>
    <test started-at="2021-02-22T18:31:47 IST" name="Default test" finished-at="2021-02-22T18:33:03 IST" duration-ms="75851">
      <class name="com.SDET.AppiumDay1.LoginValidation">
        <test-method is-config="true" signature="beforeClass()[pri:0, instance:com.SDET.AppiumDay1.LoginValidation@6c130c45]" started-at="2021-02-22T18:31:47 IST" name="beforeClass" finished-at="2021-02-22T18:31:47 IST" duration-ms="11" status="PASS">
          <reporter-output>
          </reporter-output>
        </test-method> <!-- beforeClass -->
        <test-method signature="f()[pri:0, instance:com.SDET.AppiumDay1.LoginValidation@6c130c45]" started-at="2021-02-22T18:31:47 IST" name="f" finished-at="2021-02-22T18:33:03 IST" duration-ms="75782" status="PASS">
          <reporter-output>
          </reporter-output>
        </test-method> <!-- f -->
        <test-method is-config="true" signature="afterClass()[pri:0, instance:com.SDET.AppiumDay1.LoginValidation@6c130c45]" started-at="2021-02-22T18:33:03 IST" name="afterClass" finished-at="2021-02-22T18:33:03 IST" duration-ms="1" status="PASS">
          <reporter-output>
          </reporter-output>
        </test-method> <!-- afterClass -->
      </class> <!-- com.SDET.AppiumDay1.LoginValidation -->
    </test> <!-- Default test -->
  </suite> <!-- Default suite -->
</testng-results>
